[debug] [2023-04-26T12:45:32.720Z] ----------------------------------------------------------------------
[debug] [2023-04-26T12:45:32.724Z] Command:       C:\Program Files\nodejs\node.exe C:\Users\sriram\AppData\Roaming\npm\node_modules\firebase-tools\lib\bin\firebase.js init
[debug] [2023-04-26T12:45:32.726Z] CLI Version:   11.29.0
[debug] [2023-04-26T12:45:32.726Z] Platform:      win32
[debug] [2023-04-26T12:45:32.727Z] Node Version:  v18.13.0
[debug] [2023-04-26T12:45:32.729Z] Time:          Wed Apr 26 2023 18:15:32 GMT+0530 (India Standard Time)
[debug] [2023-04-26T12:45:32.730Z] ----------------------------------------------------------------------
[debug] 
[debug] [2023-04-26T12:45:32.748Z] > command requires scopes: ["email","openid","https://www.googleapis.com/auth/cloudplatformprojects.readonly","https://www.googleapis.com/auth/firebase","https://www.googleapis.com/auth/cloud-platform"]
[debug] [2023-04-26T12:45:32.749Z] > authorizing via signed-in user (vssriram7@gmail.com)
[info] 
     ######## #### ########  ######## ########     ###     ######  ########
     ##        ##  ##     ## ##       ##     ##  ##   ##  ##       ##
     ######    ##  ########  ######   ########  #########  ######  ######
     ##        ##  ##    ##  ##       ##     ## ##     ##       ## ##
     ##       #### ##     ## ######## ########  ##     ##  ######  ########

You're about to initialize a Firebase project in this directory:

  C:\Users\sriram\Documents\GitHub\app

[info] 
=== Project Setup
[info] 
[info] First, let's associate this project directory with a Firebase project.
[info] You can create multiple project aliases by running firebase use --add, 
[info] but for now we'll just set up a default project.
[info] 
[debug] [2023-04-26T12:46:52.131Z] >>> [apiv2][query] GET https://firebase.googleapis.com/v1beta1/projects pageSize=100
[debug] [2023-04-26T12:46:53.317Z] <<< [apiv2][status] GET https://firebase.googleapis.com/v1beta1/projects 200
[debug] [2023-04-26T12:46:53.318Z] <<< [apiv2][body] GET https://firebase.googleapis.com/v1beta1/projects [omitted]
[info] i  Using project react-app-9d5ea (react-app) 
[info] 
=== Hosting Setup
[info] 
[info] Your public directory is the folder (relative to your project directory) that
[info] will contain Hosting assets to be uploaded with firebase deploy. If you
[info] have a build process for your assets, use your build's output directory.
[info] 
[info] +  Wrote public/404.html 
[debug] [2023-04-26T12:47:47.109Z] >>> [apiv2][query] GET https://www.gstatic.com/firebasejs/releases.json [none]
[debug] [2023-04-26T12:47:47.279Z] <<< [apiv2][status] GET https://www.gstatic.com/firebasejs/releases.json 200
[debug] [2023-04-26T12:47:47.280Z] <<< [apiv2][body] GET https://www.gstatic.com/firebasejs/releases.json {"current":{"version":"9.20.0","browserURL":"https://www.gstatic.com/firebasejs/9.20.0/firebase.js","packageURL":"https://www.gstatic.com/firebasejs/9.20.0/firebase.tgz"},"live":{"version":"9.20","browserURL":"https://www.gstatic.com/firebasejs/live/9.20/firebase.js","packageURL":"https://www.gstatic.com/firebasejs/live/9.20/firebase.tgz"},"components":{"analytics":"https://www.gstatic.com/firebasejs/9.20.0/firebase-analytics.js","app":"https://www.gstatic.com/firebasejs/9.20.0/firebase-app.js","app-check":"https://www.gstatic.com/firebasejs/9.20.0/firebase-app-check.js","auth":"https://www.gstatic.com/firebasejs/9.20.0/firebase-auth.js","auth/cordova":"https://www.gstatic.com/firebasejs/9.20.0/firebase-auth/cordova.js","auth/react-native":"https://www.gstatic.com/firebasejs/9.20.0/firebase-auth/react-native.js","functions":"https://www.gstatic.com/firebasejs/9.20.0/firebase-functions.js","firestore":"https://www.gstatic.com/firebasejs/9.20.0/firebase-firestore.js","firestore/lite":"https://www.gstatic.com/firebasejs/9.20.0/firebase-firestore/lite.js","installations":"https://www.gstatic.com/firebasejs/9.20.0/firebase-installations.js","storage":"https://www.gstatic.com/firebasejs/9.20.0/firebase-storage.js","performance":"https://www.gstatic.com/firebasejs/9.20.0/firebase-performance.js","remote-config":"https://www.gstatic.com/firebasejs/9.20.0/firebase-remote-config.js","messaging":"https://www.gstatic.com/firebasejs/9.20.0/firebase-messaging.js","messaging/sw":"https://www.gstatic.com/firebasejs/9.20.0/firebase-messaging/sw.js","database":"https://www.gstatic.com/firebasejs/9.20.0/firebase-database.js","firestore.memory":"https://www.gstatic.com/firebasejs/9.20.0/firebase-firestore.memory.js"}}
[info] i  Skipping write of public/index.html 
[info] 
[info] i  Detected a .git folder at C:\Users\sriram\Documents\GitHub\app 
[info] i  Authorizing with GitHub to upload your service account to a GitHub repository's secrets store. 
[info] 
[info] Visit this URL on this device to log in:
[info] https://github.com/login/oauth/authorize?client_id=89cf50f02ac6aaed3484&state=32280859&redirect_uri=http%3A%2F%2Flocalhost%3A9005&scope=read%3Auser%20repo%20public_repo
[info] 
[info] Waiting for authentication...
[debug] [2023-04-26T12:48:05.857Z] >>> [apiv2][query] POST https://github.com/login/oauth/access_token [none]
[debug] [2023-04-26T12:48:05.857Z] >>> [apiv2][body] POST https://github.com/login/oauth/access_token [stream]
[debug] [2023-04-26T12:48:06.517Z] <<< [apiv2][status] POST https://github.com/login/oauth/access_token 200
[debug] [2023-04-26T12:48:06.517Z] <<< [apiv2][body] POST https://github.com/login/oauth/access_token {"access_token":"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","token_type":"bearer","scope":"read:user,repo"}
[debug] [2023-04-26T12:48:06.538Z] >>> [apiv2][query] GET https://api.github.com/user [none]
[debug] [2023-04-26T12:48:07.135Z] <<< [apiv2][status] GET https://api.github.com/user 200
[debug] [2023-04-26T12:48:07.136Z] <<< [apiv2][body] GET https://api.github.com/user {"login":"sriram267","id":68237238,"node_id":"MDQ6VXNlcjY4MjM3MjM4","avatar_url":"https://avatars.githubusercontent.com/u/68237238?v=4","gravatar_id":"","url":"https://api.github.com/users/sriram267","html_url":"https://github.com/sriram267","followers_url":"https://api.github.com/users/sriram267/followers","following_url":"https://api.github.com/users/sriram267/following{/other_user}","gists_url":"https://api.github.com/users/sriram267/gists{/gist_id}","starred_url":"https://api.github.com/users/sriram267/starred{/owner}{/repo}","subscriptions_url":"https://api.github.com/users/sriram267/subscriptions","organizations_url":"https://api.github.com/users/sriram267/orgs","repos_url":"https://api.github.com/users/sriram267/repos","events_url":"https://api.github.com/users/sriram267/events{/privacy}","received_events_url":"https://api.github.com/users/sriram267/received_events","type":"User","site_admin":false,"name":"sriram v s","company":null,"blog":"","location":null,"email":null,"hireable":null,"bio":null,"twitter_username":null,"public_repos":6,"public_gists":0,"followers":0,"following":0,"created_at":"2020-07-13T14:44:30Z","updated_at":"2023-04-13T14:19:54Z","private_gists":0,"total_private_repos":2,"owned_private_repos":2,"disk_usage":113435,"collaborators":0,"two_factor_authentication":false,"plan":{"name":"free","space":976562499,"collaborators":0,"private_repos":10000}}
[info] 
[info] +  Success! Logged into GitHub as sriram267 
[info] 
